<?xml version="1.0" encoding="UTF-8"?>
<testsuite xmlns:xsi="http://www.w3.org/2001/XMLSchema-instance" xsi:noNamespaceSchemaLocation="https://maven.apache.org/surefire/maven-surefire-plugin/xsd/surefire-test-report.xsd" version="3.0.1" name="com.digiunion.AppTest" time="0.024" tests="1" errors="0" skipped="0" failures="0">
  <properties>
    <property name="java.specification.version" value="21"/>
    <property name="sun.jnu.encoding" value="UTF-8"/>
    <property name="java.class.path" value="/home/digi/Projects/java/Kivarino-web/target/test-classes:/home/digi/Projects/java/Kivarino-web/target/classes:/home/digi/.m2/repository/org/junit/jupiter/junit-jupiter-api/5.11.0/junit-jupiter-api-5.11.0.jar:/home/digi/.m2/repository/org/opentest4j/opentest4j/1.3.0/opentest4j-1.3.0.jar:/home/digi/.m2/repository/org/junit/platform/junit-platform-commons/1.11.0/junit-platform-commons-1.11.0.jar:/home/digi/.m2/repository/org/apiguardian/apiguardian-api/1.1.2/apiguardian-api-1.1.2.jar:/home/digi/.m2/repository/io/activej/activej-http/6.0-rc2/activej-http-6.0-rc2.jar:/home/digi/.m2/repository/io/activej/activej-net/6.0-rc2/activej-net-6.0-rc2.jar:/home/digi/.m2/repository/io/activej/activej-bytebuf/6.0-rc2/activej-bytebuf-6.0-rc2.jar:/home/digi/.m2/repository/io/activej/activej-csp/6.0-rc2/activej-csp-6.0-rc2.jar:/home/digi/.m2/repository/org/jetbrains/annotations/24.1.0/annotations-24.1.0.jar:/home/digi/.m2/repository/org/slf4j/slf4j-api/2.0.16/slf4j-api-2.0.16.jar:/home/digi/.m2/repository/io/activej/activej-launchers-http/6.0-rc2/activej-launchers-http-6.0-rc2.jar:/home/digi/.m2/repository/io/activej/activej-launchers-common/6.0-rc2/activej-launchers-common-6.0-rc2.jar:/home/digi/.m2/repository/io/activej/activej-boot/6.0-rc2/activej-boot-6.0-rc2.jar:/home/digi/.m2/repository/io/activej/activej-servicegraph/6.0-rc2/activej-servicegraph-6.0-rc2.jar:/home/digi/.m2/repository/io/activej/activej-launcher/6.0-rc2/activej-launcher-6.0-rc2.jar:/home/digi/.m2/repository/io/activej/activej-inject/6.0-rc2/activej-inject-6.0-rc2.jar:/home/digi/.m2/repository/io/activej/activej-workers/6.0-rc2/activej-workers-6.0-rc2.jar:/home/digi/.m2/repository/io/activej/activej-config/6.0-rc2/activej-config-6.0-rc2.jar:/home/digi/.m2/repository/io/activej/activej-jmx/6.0-rc2/activej-jmx-6.0-rc2.jar:/home/digi/.m2/repository/io/activej/activej-triggers/6.0-rc2/activej-triggers-6.0-rc2.jar:/home/digi/.m2/repository/io/jstach/jstachio/1.3.7/jstachio-1.3.7.jar:/home/digi/.m2/repository/io/jstach/jstachio-annotation/1.3.7/jstachio-annotation-1.3.7.jar:/home/digi/.m2/repository/org/eclipse/jdt/org.eclipse.jdt.annotation/2.3.0/org.eclipse.jdt.annotation-2.3.0.jar:/home/digi/.m2/repository/io/jstach/jstachio-apt/1.3.7/jstachio-apt-1.3.7.jar:/home/digi/.m2/repository/io/activej/activej-promise/6.0-rc2/activej-promise-6.0-rc2.jar:/home/digi/.m2/repository/io/activej/activej-eventloop/6.0-rc2/activej-eventloop-6.0-rc2.jar:/home/digi/.m2/repository/io/activej/activej-common/6.0-rc2/activej-common-6.0-rc2.jar:/home/digi/.m2/repository/io/activej/activej-types/6.0-rc2/activej-types-6.0-rc2.jar:/home/digi/.m2/repository/io/activej/activej-jmx-stats/6.0-rc2/activej-jmx-stats-6.0-rc2.jar:/home/digi/.m2/repository/io/activej/activej-jmxapi/6.0-rc2/activej-jmxapi-6.0-rc2.jar:"/>
    <property name="java.vm.vendor" value="GraalVM Community"/>
    <property name="sun.arch.data.model" value="64"/>
    <property name="java.vendor.url" value="https://www.graalvm.org/"/>
    <property name="user.timezone" value="Asia/Riyadh"/>
    <property name="os.name" value="Linux"/>
    <property name="java.vm.specification.version" value="21"/>
    <property name="sun.java.launcher" value="SUN_STANDARD"/>
    <property name="user.country" value="US"/>
    <property name="sun.boot.library.path" value="/home/digi/.local/share/java/graalvm/lib"/>
    <property name="sun.java.command" value="/home/digi/Projects/java/Kivarino-web/target/surefire/surefirebooter-20250614145840297_3.jar /home/digi/Projects/java/Kivarino-web/target/surefire 2025-06-14T14-58-40_246-jvmRun1 surefire-20250614145840297_1tmp surefire_0-20250614145840297_2tmp"/>
    <property name="jdk.debug" value="release"/>
    <property name="surefire.test.class.path" value="/home/digi/Projects/java/Kivarino-web/target/test-classes:/home/digi/Projects/java/Kivarino-web/target/classes:/home/digi/.m2/repository/org/junit/jupiter/junit-jupiter-api/5.11.0/junit-jupiter-api-5.11.0.jar:/home/digi/.m2/repository/org/opentest4j/opentest4j/1.3.0/opentest4j-1.3.0.jar:/home/digi/.m2/repository/org/junit/platform/junit-platform-commons/1.11.0/junit-platform-commons-1.11.0.jar:/home/digi/.m2/repository/org/apiguardian/apiguardian-api/1.1.2/apiguardian-api-1.1.2.jar:/home/digi/.m2/repository/io/activej/activej-http/6.0-rc2/activej-http-6.0-rc2.jar:/home/digi/.m2/repository/io/activej/activej-net/6.0-rc2/activej-net-6.0-rc2.jar:/home/digi/.m2/repository/io/activej/activej-bytebuf/6.0-rc2/activej-bytebuf-6.0-rc2.jar:/home/digi/.m2/repository/io/activej/activej-csp/6.0-rc2/activej-csp-6.0-rc2.jar:/home/digi/.m2/repository/org/jetbrains/annotations/24.1.0/annotations-24.1.0.jar:/home/digi/.m2/repository/org/slf4j/slf4j-api/2.0.16/slf4j-api-2.0.16.jar:/home/digi/.m2/repository/io/activej/activej-launchers-http/6.0-rc2/activej-launchers-http-6.0-rc2.jar:/home/digi/.m2/repository/io/activej/activej-launchers-common/6.0-rc2/activej-launchers-common-6.0-rc2.jar:/home/digi/.m2/repository/io/activej/activej-boot/6.0-rc2/activej-boot-6.0-rc2.jar:/home/digi/.m2/repository/io/activej/activej-servicegraph/6.0-rc2/activej-servicegraph-6.0-rc2.jar:/home/digi/.m2/repository/io/activej/activej-launcher/6.0-rc2/activej-launcher-6.0-rc2.jar:/home/digi/.m2/repository/io/activej/activej-inject/6.0-rc2/activej-inject-6.0-rc2.jar:/home/digi/.m2/repository/io/activej/activej-workers/6.0-rc2/activej-workers-6.0-rc2.jar:/home/digi/.m2/repository/io/activej/activej-config/6.0-rc2/activej-config-6.0-rc2.jar:/home/digi/.m2/repository/io/activej/activej-jmx/6.0-rc2/activej-jmx-6.0-rc2.jar:/home/digi/.m2/repository/io/activej/activej-triggers/6.0-rc2/activej-triggers-6.0-rc2.jar:/home/digi/.m2/repository/io/jstach/jstachio/1.3.7/jstachio-1.3.7.jar:/home/digi/.m2/repository/io/jstach/jstachio-annotation/1.3.7/jstachio-annotation-1.3.7.jar:/home/digi/.m2/repository/org/eclipse/jdt/org.eclipse.jdt.annotation/2.3.0/org.eclipse.jdt.annotation-2.3.0.jar:/home/digi/.m2/repository/io/jstach/jstachio-apt/1.3.7/jstachio-apt-1.3.7.jar:/home/digi/.m2/repository/io/activej/activej-promise/6.0-rc2/activej-promise-6.0-rc2.jar:/home/digi/.m2/repository/io/activej/activej-eventloop/6.0-rc2/activej-eventloop-6.0-rc2.jar:/home/digi/.m2/repository/io/activej/activej-common/6.0-rc2/activej-common-6.0-rc2.jar:/home/digi/.m2/repository/io/activej/activej-types/6.0-rc2/activej-types-6.0-rc2.jar:/home/digi/.m2/repository/io/activej/activej-jmx-stats/6.0-rc2/activej-jmx-stats-6.0-rc2.jar:/home/digi/.m2/repository/io/activej/activej-jmxapi/6.0-rc2/activej-jmxapi-6.0-rc2.jar:"/>
    <property name="sun.cpu.endian" value="little"/>
    <property name="user.home" value="/home/digi"/>
    <property name="user.language" value="en"/>
    <property name="java.specification.vendor" value="Oracle Corporation"/>
    <property name="java.version.date" value="2024-01-16"/>
    <property name="java.home" value="/home/digi/.local/share/java/graalvm"/>
    <property name="file.separator" value="/"/>
    <property name="basedir" value="/home/digi/Projects/java/Kivarino-web"/>
    <property name="java.vm.compressedOopsMode" value="Zero based"/>
    <property name="jdk.internal.vm.ci.enabled" value="true"/>
    <property name="line.separator" value="&#10;"/>
    <property name="java.vm.specification.vendor" value="Oracle Corporation"/>
    <property name="java.specification.name" value="Java Platform API Specification"/>
    <property name="surefire.real.class.path" value="/home/digi/Projects/java/Kivarino-web/target/surefire/surefirebooter-20250614145840297_3.jar"/>
    <property name="sun.management.compiler" value="HotSpot 64-Bit Tiered Compilers"/>
    <property name="java.runtime.version" value="21.0.2+13-jvmci-23.1-b30"/>
    <property name="user.name" value="digi"/>
    <property name="stdout.encoding" value="UTF-8"/>
    <property name="path.separator" value=":"/>
    <property name="os.version" value="6.12.30-amd64"/>
    <property name="java.runtime.name" value="OpenJDK Runtime Environment"/>
    <property name="file.encoding" value="UTF-8"/>
    <property name="java.vm.name" value="OpenJDK 64-Bit Server VM"/>
    <property name="java.vendor.version" value="GraalVM CE 21.0.2+13.1"/>
    <property name="localRepository" value="/home/digi/.m2/repository"/>
    <property name="java.vendor.url.bug" value="https://github.com/oracle/graal/issues"/>
    <property name="java.io.tmpdir" value="/tmp"/>
    <property name="java.version" value="21.0.2"/>
    <property name="user.dir" value="/home/digi/Projects/java/Kivarino-web"/>
    <property name="os.arch" value="amd64"/>
    <property name="java.vm.specification.name" value="Java Virtual Machine Specification"/>
    <property name="native.encoding" value="UTF-8"/>
    <property name="java.library.path" value="/usr/include/cairo:/usr/local/cuda-12.6/lib64::/usr/java/packages/lib:/usr/lib64:/lib64:/lib:/usr/lib"/>
    <property name="java.vm.info" value="mixed mode, sharing"/>
    <property name="stderr.encoding" value="UTF-8"/>
    <property name="java.vendor" value="GraalVM Community"/>
    <property name="java.vm.version" value="21.0.2+13-jvmci-23.1-b30"/>
    <property name="sun.io.unicode.encoding" value="UnicodeLittle"/>
    <property name="java.class.version" value="65.0"/>
  </properties>
  <testcase name="shouldAnswerWithTrue" classname="com.digiunion.AppTest" time="0.011"/>
</testsuite>